<!DOCTYPE html PUBLIC "-//W3C//DTD XHTML 1.1//EN" "http://www.w3.org/TR/xhtml11/DTD/xhtml11.dtd">
<html xmlns="http://www.w3.org/1999/xhtml"><head><title>TestNG Report</title><style type="text/css">table {margin-bottom:10px;border-collapse:collapse;empty-cells:show}th,td {border:1px solid #009;padding:.25em .5em}th {vertical-align:bottom}td {vertical-align:top}table a {font-weight:bold}.stripe td {background-color: #E6EBF9}.num {text-align:right}.passedodd td {background-color: #3F3}.passedeven td {background-color: #0A0}.skippedodd td {background-color: #DDD}.skippedeven td {background-color: #CCC}.failedodd td,.attn {background-color: #F33}.failedeven td,.stripe .attn {background-color: #D00}.stacktrace {white-space:pre;font-family:monospace}.totop {font-size:85%;text-align:center;border-bottom:2px solid #000}</style></head><body><table><tr><th>Test</th><th># Passed</th><th># Skipped</th><th># Failed</th><th>Time (ms)</th><th>Included Groups</th><th>Excluded Groups</th></tr><tr><th colspan="7">Suite</th></tr><tr><td><a href="#t0">validating homepage</a></td><td class="num">1</td><td class="num">0</td><td class="num attn">1</td><td class="num">115,973</td><td></td><td></td></tr><tr class="stripe"><td><a href="#t1">validating courses</a></td><td class="num">1</td><td class="num">0</td><td class="num attn">1</td><td class="num">19,663</td><td></td><td></td></tr><tr><td><a href="#t2"> validating app</a></td><td class="num">1</td><td class="num">0</td><td class="num">0</td><td class="num">2</td><td></td><td></td></tr><tr class="stripe"><td><a href="#t3">validating navigation bar</a></td><td class="num">1</td><td class="num">0</td><td class="num">0</td><td class="num">18,121</td><td></td><td></td></tr><tr><th>Total</th><th class="num">4</th><th class="num">0</th><th class="num attn">2</th><th class="num">153,759</th><th colspan="2"></th></tr></table><table><thead><tr><th>Class</th><th>Method</th><th>Start</th><th>Time (ms)</th></tr></thead><tbody><tr><th colspan="4">Suite</th></tr></tbody><tbody id="t0"><tr><th colspan="4">validating homepage &#8212; failed</th></tr><tr class="failedeven"><td rowspan="1">Academy.HomePage</td><td><a href="#m0">basepageNavigation</a></td><td rowspan="1">1658419545086</td><td rowspan="1">93072</td></tr><tr><th colspan="4">validating homepage &#8212; passed</th></tr><tr class="passedeven"><td rowspan="1">Academy.HomePage</td><td><a href="#m1">basepageNavigation</a></td><td rowspan="1">1658419638762</td><td rowspan="1">18948</td></tr></tbody><tbody id="t1"><tr><th colspan="4">validating courses &#8212; failed</th></tr><tr class="failedeven"><td rowspan="1">Academy.ValidateCourses</td><td><a href="#m2">basepageNavigation</a></td><td rowspan="1">1658419677451</td><td rowspan="1">35</td></tr><tr><th colspan="4">validating courses &#8212; passed</th></tr><tr class="passedeven"><td rowspan="1">Academy.ValidateCourses</td><td><a href="#m3">ValidateHeader</a></td><td rowspan="1">1658419677385</td><td rowspan="1">65</td></tr></tbody><tbody id="t2"><tr><th colspan="4"> validating app &#8212; passed</th></tr><tr class="passedeven"><td rowspan="1">Academy.AppTest</td><td><a href="#m4">shouldAnswerWithTrue</a></td><td rowspan="1">1658419678166</td><td rowspan="1">1</td></tr></tbody><tbody id="t3"><tr><th colspan="4">validating navigation bar &#8212; passed</th></tr><tr class="passedeven"><td rowspan="1">Academy.ValidateNavigationBar</td><td><a href="#m5">basepageNavigation</a></td><td rowspan="1">1658419696105</td><td rowspan="1">115</td></tr></tbody></table><h2>validating homepage</h2><h3 id="m0">Academy.HomePage#basepageNavigation</h3><table class="result"><tr class="param"><th>Parameter #1</th><th>Parameter #2</th><th>Parameter #3</th></tr><tr class="param stripe"><td>Pku@qa.com</td><td>1234</td><td>unrestricted user</td></tr><tr><th colspan="3">Exception</th></tr><tr><td colspan="3"><div class="stacktrace">org.openqa.selenium.ElementClickInterceptedException: element click intercepted: Element &lt;a href=&quot;https://rahulshettyacademy.com/sign_in/&quot;&gt;...&lt;/a&gt; is not clickable at point (994, 15). Other element would receive the click: &lt;div class=&quot;listbuilder-popup-content&quot;&gt;...&lt;/div&gt;
  (Session info: chrome=103.0.5060.114)
Build info: version: &apos;4.3.0&apos;, revision: &apos;a4995e2c09*&apos;
System info: host: &apos;DESKTOP-UGQCLB1&apos;, ip: &apos;192.168.0.106&apos;, os.name: &apos;Windows 10&apos;, os.arch: &apos;amd64&apos;, os.version: &apos;10.0&apos;, java.version: &apos;11.0.15.1&apos;
Driver info: org.openqa.selenium.chrome.ChromeDriver
Command: [f55dfa277d7b160cad089e26f78d952f, clickElement {id=4d333c0b-4af6-4acf-8f73-1895039a0f15}]
Capabilities {acceptInsecureCerts: false, browserName: chrome, browserVersion: 103.0.5060.114, chrome: {chromedriverVersion: 102.0.5005.61 (0e59bcc00cc4..., userDataDir: C:\Users\ASUS\AppData\Local...}, goog:chromeOptions: {debuggerAddress: localhost:55293}, networkConnectionEnabled: false, pageLoadStrategy: normal, platformName: WINDOWS, proxy: Proxy(), se:cdp: ws://localhost:55293/devtoo..., se:cdpVersion: 103.0.5060.114, setWindowRect: true, strictFileInteractability: false, timeouts: {implicit: 0, pageLoad: 300000, script: 30000}, unhandledPromptBehavior: dismiss and notify, webauthn:extension:credBlob: true, webauthn:extension:largeBlob: true, webauthn:virtualAuthenticators: true}
Element: [[ChromeDriver: chrome on WINDOWS (f55dfa277d7b160cad089e26f78d952f)] -&gt; css selector: a[href*=&apos;sign_in&apos;] ]
Session ID: f55dfa277d7b160cad089e26f78d952f
	at org.openqa.selenium.remote.codec.w3c.W3CHttpResponseCodec.createException(W3CHttpResponseCodec.java:200)
	at org.openqa.selenium.remote.codec.w3c.W3CHttpResponseCodec.decode(W3CHttpResponseCodec.java:133)
	at org.openqa.selenium.remote.codec.w3c.W3CHttpResponseCodec.decode(W3CHttpResponseCodec.java:53)
	at org.openqa.selenium.remote.HttpCommandExecutor.execute(HttpCommandExecutor.java:184)
	at org.openqa.selenium.remote.service.DriverCommandExecutor.invokeExecute(DriverCommandExecutor.java:167)
	at org.openqa.selenium.remote.service.DriverCommandExecutor.execute(DriverCommandExecutor.java:142)
	at org.openqa.selenium.remote.RemoteWebDriver.execute(RemoteWebDriver.java:569)
	at org.openqa.selenium.remote.RemoteWebElement.execute(RemoteWebElement.java:257)
	at org.openqa.selenium.remote.RemoteWebElement.click(RemoteWebElement.java:78)
	at Academy.HomePage.basepageNavigation(HomePage.java:35)
... Removed 32 stack frames</div></td></tr></table><p class="totop"><a href="#summary">back to summary</a></p><h3 id="m1">Academy.HomePage#basepageNavigation</h3><table class="result"><tr class="param"><th>Parameter #1</th><th>Parameter #2</th><th>Parameter #3</th></tr><tr class="param stripe"><td>Rshetty@qa.com</td><td>12345</td><td>restricted user</td></tr></table><p class="totop"><a href="#summary">back to summary</a></p><h2>validating courses</h2><h3 id="m2">Academy.ValidateCourses#basepageNavigation</h3><table class="result"><tr><th>Exception</th></tr><tr><td><div class="stacktrace">java.lang.AssertionError: expected [FEATURED COURSES123] but found [FEATURED COURSES]
	at Academy.ValidateCourses.basepageNavigation(ValidateCourses.java:31)
... Removed 33 stack frames</div></td></tr></table><p class="totop"><a href="#summary">back to summary</a></p><h3 id="m3">Academy.ValidateCourses#ValidateHeader</h3><table class="result"></table><p class="totop"><a href="#summary">back to summary</a></p><h2> validating app</h2><h3 id="m4">Academy.AppTest#shouldAnswerWithTrue</h3><table class="result"></table><p class="totop"><a href="#summary">back to summary</a></p><h2>validating navigation bar</h2><h3 id="m5">Academy.ValidateNavigationBar#basepageNavigation</h3><table class="result"></table><p class="totop"><a href="#summary">back to summary</a></p></body></html>