<?xml version="1.0" encoding="UTF-8"?>
<!-- Generated by org.testng.reporters.JUnitXMLReporter -->
<testsuite hostname="DESKTOP-UGQCLB1" failures="1" tests="2" name="validating courses" time="19.663" errors="0" timestamp="21 Jul 2022 16:07:58 GMT">
  <testcase classname="Academy.ValidateCourses" name="ValidateHeader" time="0.065"/>
  <testcase classname="Academy.ValidateCourses" name="basepageNavigation" time="0.035">
    <failure type="java.lang.AssertionError" message="expected [FEATURED COURSES123] but found [FEATURED COURSES]">
      <![CDATA[java.lang.AssertionError: expected [FEATURED COURSES123] but found [FEATURED COURSES]
	at Academy.ValidateCourses.basepageNavigation(ValidateCourses.java:31)
... Removed 33 stack frames]]>
    </failure>
  </testcase> <!-- basepageNavigation -->
</testsuite> <!-- validating courses -->
